<?xml version="1.0" encoding="UTF-8"?>
<!-- Generated by org.testng.reporters.JUnitReportReporter -->
<testsuite hostname="DESKTOP-7STGH0Q" failures="0" tests="3" name="com.Testing.Magneto.Test.MagnetoLoginTest" time="22.038" errors="0" timestamp="2024-03-31T19:16:13 IST" skipped="1">
  <testcase classname="com.Testing.Magneto.Test.MagnetoLoginTest" name="User_Info_form" time="9.169"/>
  <system-out/>
  <testcase classname="com.Testing.Magneto.Test.MagnetoLoginTest" name="SignIn" time="12.869"/>
  <system-out/>
  <testcase classname="com.Testing.Magneto.Test.MagnetoLoginTest" name="user_info_with_MultipleExcelData">
    <skipped/>
  </testcase> <!-- user_info_with_MultipleExcelData -->
  <system-out/>
</testsuite> <!-- com.Testing.Magneto.Test.MagnetoLoginTest -->
