<?xml version="1.0" encoding="UTF-8"?>
<!-- Generated by org.testng.reporters.JUnitReportReporter -->
<testsuite hostname="DESKTOP-7STGH0Q" failures="0" tests="1" name="com.IT.MT.Test.LoginTest" time="33.248" errors="0" timestamp="2024-03-31T12:54:58 IST" skipped="0">
  <testcase classname="com.IT.MT.Test.LoginTest" name="MultipalExcel_LoginTest" time="33.248"/>
  <system-out/>
</testsuite> <!-- com.IT.MT.Test.LoginTest -->
