<?xml version="1.0" encoding="UTF-8"?>
<!-- Generated by org.testng.reporters.JUnitReportReporter -->
<testsuite hostname="DESKTOP-7STGH0Q" failures="0" tests="1" name="com.CJC.JpetDemo.Test.LoginTest" time="1.374" errors="0" timestamp="2024-04-02T12:38:23 IST" skipped="0">
  <testcase classname="com.CJC.JpetDemo.Test.LoginTest" name="LoginTest" time="1.374"/>
  <system-out/>
</testsuite> <!-- com.CJC.JpetDemo.Test.LoginTest -->
