<?xml version="1.0" encoding="UTF-8"?>
<!-- Generated by org.testng.reporters.JUnitReportReporter -->
<testsuite hostname="DESKTOP-7STGH0Q" failures="0" tests="1" name="com.Testing.Magneto.Test.LoginTest" time="45.990" errors="0" timestamp="2024-03-31T12:57:51 IST" skipped="0">
  <testcase classname="com.Testing.Magneto.Test.LoginTest" name="user_info" time="45.990"/>
  <system-out/>
</testsuite> <!-- com.Testing.Magneto.Test.LoginTest -->
