<?xml version="1.0" encoding="UTF-8"?>
<!-- Generated by org.testng.reporters.JUnitReportReporter -->
<testsuite hostname="DESKTOP-7STGH0Q" failures="0" tests="1" name="com.Testing.DemoWebShop.Test.RegisterTest" time="16.844" errors="0" timestamp="2024-03-30T22:45:57 IST" skipped="0">
  <testcase classname="com.Testing.DemoWebShop.Test.RegisterTest" name="AllDatainExcel" time="16.844"/>
  <system-out/>
</testsuite> <!-- com.Testing.DemoWebShop.Test.RegisterTest -->
